Построение начато 31.03.2013 22:02:41.
     1>Проект "C:\slimenarium\CocosDenshion\proj.win32\CocosDenshion.vcxproj" в узле 2 (целевые объекты rebuild).
     1>_PrepareForClean:
         Файл "Debug.win32\libCocosDenshion.lastbuildstate" удаляется.
       InitializeBuildStatus:
         Создание "Debug.win32\libCocosDenshion.unsuccessfulbuild", так как было задано "AlwaysCreate".
       ClCompile:
         C:\Program Files (x86)\Microsoft Visual Studio 10.0\VC\bin\CL.exe /c /I..\Include /ZI /nologo /W3 /WX- /Od /Oy- /D WIN32 /D _DEBUG /D _WINDOWS /D _USRDLL /D COCOSDENSHIONWIN32_EXPORTS /D _EXPORT_DLL_ /D _WINDLL /Gm /EHsc /RTC1 /MDd /GS /fp:precise /Zc:wchar_t /Zc:forScope /Fo"Debug.win32\\" /Fd"Debug.win32\vc100.pdb" /Gd /TP /analyze- /errorReport:prompt ..\win32\MciPlayer.cpp ..\win32\SimpleAudioEngine.cpp
         SimpleAudioEngine.cpp
         MciPlayer.cpp
         Создание кода...
       Link:
         C:\Program Files (x86)\Microsoft Visual Studio 10.0\VC\bin\link.exe /ERRORREPORT:PROMPT /OUT:"C:\slimenarium\Debug.win32\libCocosDenshion.dll" /INCREMENTAL:NO /NOLOGO winmm.lib kernel32.lib user32.lib gdi32.lib winspool.lib comdlg32.lib advapi32.lib shell32.lib ole32.lib oleaut32.lib uuid.lib odbc32.lib odbccp32.lib /MANIFEST /ManifestFile:"Debug.win32\libCocosDenshion.dll.intermediate.manifest" /MANIFESTUAC:"level='asInvoker' uiAccess='false'" /DEBUG /PDB:"C:\slimenarium\Debug.win32\libCocosDenshion.pdb" /SUBSYSTEM:WINDOWS /TLBID:1 /DYNAMICBASE /NXCOMPAT /IMPLIB:"C:\slimenarium\Debug.win32\libCocosDenshion.lib" /MACHINE:X86 /DLL Debug.win32\MciPlayer.obj
         Debug.win32\SimpleAudioEngine.obj
     1>MciPlayer.obj : warning LNK4075: не учитывается "/EDITANDCONTINUE" из-за спецификации "/INCREMENTAL:NO"
            Создается библиотека C:\slimenarium\Debug.win32\libCocosDenshion.lib и объект C:\slimenarium\Debug.win32\libCocosDenshion.exp
         CocosDenshion.vcxproj -> C:\slimenarium\Debug.win32\libCocosDenshion.dll
       Manifest:
         C:\Program Files (x86)\Microsoft SDKs\Windows\v7.0A\bin\mt.exe /nologo /verbose /outputresource:"C:\slimenarium\Debug.win32\libCocosDenshion.dll;#2" /manifest Debug.win32\libCocosDenshion.dll.intermediate.manifest
       FinalizeBuildStatus:
         Файл "Debug.win32\libCocosDenshion.unsuccessfulbuild" удаляется.
         Обращение к "Debug.win32\libCocosDenshion.lastbuildstate".
     1>Построение проекта "C:\slimenarium\CocosDenshion\proj.win32\CocosDenshion.vcxproj" завершено (целевые объекты rebuild).

Построение успешно завершено.

Затраченное время: 00:00:01.54
