C:\SLIMENARIUM\COCOS2DX\PROJ.WIN32\DEBUG.WIN32\AABB.OBJ
C:\SLIMENARIUM\COCOS2DX\PROJ.WIN32\DEBUG.WIN32\BASE64.OBJ
C:\SLIMENARIUM\COCOS2DX\PROJ.WIN32\DEBUG.WIN32\CCACCELEROMETER.OBJ
C:\SLIMENARIUM\COCOS2DX\PROJ.WIN32\DEBUG.WIN32\CCACTION.OBJ
C:\SLIMENARIUM\COCOS2DX\PROJ.WIN32\DEBUG.WIN32\CCACTIONCAMERA.OBJ
C:\SLIMENARIUM\COCOS2DX\PROJ.WIN32\DEBUG.WIN32\CCACTIONCATMULLROM.OBJ
C:\SLIMENARIUM\COCOS2DX\PROJ.WIN32\DEBUG.WIN32\CCACTIONEASE.OBJ
C:\SLIMENARIUM\COCOS2DX\PROJ.WIN32\DEBUG.WIN32\CCACTIONGRID.OBJ
C:\SLIMENARIUM\COCOS2DX\PROJ.WIN32\DEBUG.WIN32\CCACTIONGRID3D.OBJ
C:\SLIMENARIUM\COCOS2DX\PROJ.WIN32\DEBUG.WIN32\CCACTIONINSTANT.OBJ
C:\SLIMENARIUM\COCOS2DX\PROJ.WIN32\DEBUG.WIN32\CCACTIONINTERVAL.OBJ
C:\SLIMENARIUM\COCOS2DX\PROJ.WIN32\DEBUG.WIN32\CCACTIONMANAGER.OBJ
C:\SLIMENARIUM\COCOS2DX\PROJ.WIN32\DEBUG.WIN32\CCACTIONPAGETURN3D.OBJ
C:\SLIMENARIUM\COCOS2DX\PROJ.WIN32\DEBUG.WIN32\CCACTIONPROGRESSTIMER.OBJ
C:\SLIMENARIUM\COCOS2DX\PROJ.WIN32\DEBUG.WIN32\CCACTIONTILEDGRID.OBJ
C:\SLIMENARIUM\COCOS2DX\PROJ.WIN32\DEBUG.WIN32\CCACTIONTWEEN.OBJ
C:\SLIMENARIUM\COCOS2DX\PROJ.WIN32\DEBUG.WIN32\CCAFFINETRANSFORM.OBJ
C:\SLIMENARIUM\COCOS2DX\PROJ.WIN32\DEBUG.WIN32\CCANIMATION.OBJ
C:\SLIMENARIUM\COCOS2DX\PROJ.WIN32\DEBUG.WIN32\CCANIMATIONCACHE.OBJ
C:\SLIMENARIUM\COCOS2DX\PROJ.WIN32\DEBUG.WIN32\CCAPPLICATION.OBJ
C:\SLIMENARIUM\COCOS2DX\PROJ.WIN32\DEBUG.WIN32\CCARRAY.OBJ
C:\SLIMENARIUM\COCOS2DX\PROJ.WIN32\DEBUG.WIN32\CCATLASNODE.OBJ
C:\SLIMENARIUM\COCOS2DX\PROJ.WIN32\DEBUG.WIN32\CCAUTORELEASEPOOL.OBJ
C:\SLIMENARIUM\COCOS2DX\PROJ.WIN32\DEBUG.WIN32\CCCAMERA.OBJ
C:\SLIMENARIUM\COCOS2DX\PROJ.WIN32\DEBUG.WIN32\CCCARRAY.OBJ
C:\SLIMENARIUM\COCOS2DX\PROJ.WIN32\DEBUG.WIN32\CCCOMMON.OBJ
C:\SLIMENARIUM\COCOS2DX\PROJ.WIN32\DEBUG.WIN32\CCCONFIGURATION.OBJ
C:\SLIMENARIUM\COCOS2DX\PROJ.WIN32\DEBUG.WIN32\CCDICTIONARY.OBJ
C:\SLIMENARIUM\COCOS2DX\PROJ.WIN32\DEBUG.WIN32\CCDIRECTOR.OBJ
C:\SLIMENARIUM\COCOS2DX\PROJ.WIN32\DEBUG.WIN32\CCDRAWINGPRIMITIVES.OBJ
C:\SLIMENARIUM\COCOS2DX\PROJ.WIN32\DEBUG.WIN32\CCEGLVIEW.OBJ
C:\SLIMENARIUM\COCOS2DX\PROJ.WIN32\DEBUG.WIN32\CCEGLVIEWPROTOCOL.OBJ
C:\SLIMENARIUM\COCOS2DX\PROJ.WIN32\DEBUG.WIN32\CCFILEUTILS.OBJ
C:\SLIMENARIUM\COCOS2DX\PROJ.WIN32\DEBUG.WIN32\CCGEOMETRY.OBJ
C:\SLIMENARIUM\COCOS2DX\PROJ.WIN32\DEBUG.WIN32\CCGLPROGRAM.OBJ
C:\SLIMENARIUM\COCOS2DX\PROJ.WIN32\DEBUG.WIN32\CCGLSTATECACHE.OBJ
C:\SLIMENARIUM\COCOS2DX\PROJ.WIN32\DEBUG.WIN32\CCGRABBER.OBJ
C:\SLIMENARIUM\COCOS2DX\PROJ.WIN32\DEBUG.WIN32\CCGRID.OBJ
C:\SLIMENARIUM\COCOS2DX\PROJ.WIN32\DEBUG.WIN32\CCIMAGE.OBJ
C:\SLIMENARIUM\COCOS2DX\PROJ.WIN32\DEBUG.WIN32\CCIMEDISPATCHER.OBJ
C:\SLIMENARIUM\COCOS2DX\PROJ.WIN32\DEBUG.WIN32\CCKEYPADDELEGATE.OBJ
C:\SLIMENARIUM\COCOS2DX\PROJ.WIN32\DEBUG.WIN32\CCKEYPADDISPATCHER.OBJ
C:\SLIMENARIUM\COCOS2DX\PROJ.WIN32\DEBUG.WIN32\CCLABELATLAS.OBJ
C:\SLIMENARIUM\COCOS2DX\PROJ.WIN32\DEBUG.WIN32\CCLABELBMFONT.OBJ
C:\SLIMENARIUM\COCOS2DX\PROJ.WIN32\DEBUG.WIN32\CCLABELTTF.OBJ
C:\SLIMENARIUM\COCOS2DX\PROJ.WIN32\DEBUG.WIN32\CCLAYER.OBJ
C:\SLIMENARIUM\COCOS2DX\PROJ.WIN32\DEBUG.WIN32\CCMENU.OBJ
C:\SLIMENARIUM\COCOS2DX\PROJ.WIN32\DEBUG.WIN32\CCMENUITEM.OBJ
C:\SLIMENARIUM\COCOS2DX\PROJ.WIN32\DEBUG.WIN32\CCMOTIONSTREAK.OBJ
C:\SLIMENARIUM\COCOS2DX\PROJ.WIN32\DEBUG.WIN32\CCNODE.OBJ
C:\SLIMENARIUM\COCOS2DX\PROJ.WIN32\DEBUG.WIN32\CCNOTIFICATIONCENTER.OBJ
C:\SLIMENARIUM\COCOS2DX\PROJ.WIN32\DEBUG.WIN32\CCNS.OBJ
C:\SLIMENARIUM\COCOS2DX\PROJ.WIN32\DEBUG.WIN32\CCOBJECT.OBJ
C:\SLIMENARIUM\COCOS2DX\PROJ.WIN32\DEBUG.WIN32\CCPARALLAXNODE.OBJ
C:\SLIMENARIUM\COCOS2DX\PROJ.WIN32\DEBUG.WIN32\CCPARTICLEBATCHNODE.OBJ
C:\SLIMENARIUM\COCOS2DX\PROJ.WIN32\DEBUG.WIN32\CCPARTICLEEXAMPLES.OBJ
C:\SLIMENARIUM\COCOS2DX\PROJ.WIN32\DEBUG.WIN32\CCPARTICLESYSTEM.OBJ
C:\SLIMENARIUM\COCOS2DX\PROJ.WIN32\DEBUG.WIN32\CCPARTICLESYSTEMQUAD.OBJ
C:\SLIMENARIUM\COCOS2DX\PROJ.WIN32\DEBUG.WIN32\CCPOINTEXTENSION.OBJ
C:\SLIMENARIUM\COCOS2DX\PROJ.WIN32\DEBUG.WIN32\CCPROFILING.OBJ
C:\SLIMENARIUM\COCOS2DX\PROJ.WIN32\DEBUG.WIN32\CCPROGRESSTIMER.OBJ
C:\SLIMENARIUM\COCOS2DX\PROJ.WIN32\DEBUG.WIN32\CCRENDERTEXTURE.OBJ
C:\SLIMENARIUM\COCOS2DX\PROJ.WIN32\DEBUG.WIN32\CCSAXPARSER.OBJ
C:\SLIMENARIUM\COCOS2DX\PROJ.WIN32\DEBUG.WIN32\CCSCENE.OBJ
C:\SLIMENARIUM\COCOS2DX\PROJ.WIN32\DEBUG.WIN32\CCSCHEDULER.OBJ
C:\SLIMENARIUM\COCOS2DX\PROJ.WIN32\DEBUG.WIN32\CCSCRIPTSUPPORT.OBJ
C:\SLIMENARIUM\COCOS2DX\PROJ.WIN32\DEBUG.WIN32\CCSET.OBJ
C:\SLIMENARIUM\COCOS2DX\PROJ.WIN32\DEBUG.WIN32\CCSHADERCACHE.OBJ
C:\SLIMENARIUM\COCOS2DX\PROJ.WIN32\DEBUG.WIN32\CCSHADERS.OBJ
C:\SLIMENARIUM\COCOS2DX\PROJ.WIN32\DEBUG.WIN32\CCSPRITE.OBJ
C:\SLIMENARIUM\COCOS2DX\PROJ.WIN32\DEBUG.WIN32\CCSPRITEBATCHNODE.OBJ
C:\SLIMENARIUM\COCOS2DX\PROJ.WIN32\DEBUG.WIN32\CCSPRITEFRAME.OBJ
C:\SLIMENARIUM\COCOS2DX\PROJ.WIN32\DEBUG.WIN32\CCSPRITEFRAMECACHE.OBJ
C:\SLIMENARIUM\COCOS2DX\PROJ.WIN32\DEBUG.WIN32\CCSTDC.OBJ
C:\SLIMENARIUM\COCOS2DX\PROJ.WIN32\DEBUG.WIN32\CCSTRING.OBJ
C:\SLIMENARIUM\COCOS2DX\PROJ.WIN32\DEBUG.WIN32\CCTEXTFIELDTTF.OBJ
C:\SLIMENARIUM\COCOS2DX\PROJ.WIN32\DEBUG.WIN32\CCTEXTURE2D.OBJ
C:\SLIMENARIUM\COCOS2DX\PROJ.WIN32\DEBUG.WIN32\CCTEXTUREATLAS.OBJ
C:\SLIMENARIUM\COCOS2DX\PROJ.WIN32\DEBUG.WIN32\CCTEXTURECACHE.OBJ
C:\SLIMENARIUM\COCOS2DX\PROJ.WIN32\DEBUG.WIN32\CCTEXTUREPVR.OBJ
C:\SLIMENARIUM\COCOS2DX\PROJ.WIN32\DEBUG.WIN32\CCTHREAD.OBJ
C:\SLIMENARIUM\COCOS2DX\PROJ.WIN32\DEBUG.WIN32\CCTILEMAPATLAS.OBJ
C:\SLIMENARIUM\COCOS2DX\PROJ.WIN32\DEBUG.WIN32\CCTMXLAYER.OBJ
C:\SLIMENARIUM\COCOS2DX\PROJ.WIN32\DEBUG.WIN32\CCTMXOBJECTGROUP.OBJ
C:\SLIMENARIUM\COCOS2DX\PROJ.WIN32\DEBUG.WIN32\CCTMXTILEDMAP.OBJ
C:\SLIMENARIUM\COCOS2DX\PROJ.WIN32\DEBUG.WIN32\CCTMXXMLPARSER.OBJ
C:\SLIMENARIUM\COCOS2DX\PROJ.WIN32\DEBUG.WIN32\CCTOUCH.OBJ
C:\SLIMENARIUM\COCOS2DX\PROJ.WIN32\DEBUG.WIN32\CCTOUCHDISPATCHER.OBJ
C:\SLIMENARIUM\COCOS2DX\PROJ.WIN32\DEBUG.WIN32\CCTOUCHHANDLER.OBJ
C:\SLIMENARIUM\COCOS2DX\PROJ.WIN32\DEBUG.WIN32\CCTRANSITION.OBJ
C:\SLIMENARIUM\COCOS2DX\PROJ.WIN32\DEBUG.WIN32\CCTRANSITIONPAGETURN.OBJ
C:\SLIMENARIUM\COCOS2DX\PROJ.WIN32\DEBUG.WIN32\CCTRANSITIONPROGRESS.OBJ
C:\SLIMENARIUM\COCOS2DX\PROJ.WIN32\DEBUG.WIN32\CCUSERDEFAULT.OBJ
C:\SLIMENARIUM\COCOS2DX\PROJ.WIN32\DEBUG.WIN32\CCUTILS.OBJ
C:\SLIMENARIUM\COCOS2DX\PROJ.WIN32\DEBUG.WIN32\CCVERTEX.OBJ
C:\SLIMENARIUM\COCOS2DX\PROJ.WIN32\DEBUG.WIN32\CCZONE.OBJ
C:\slimenarium\cocos2dx\proj.win32\Debug.win32\cl.command.1.tlog
C:\slimenarium\cocos2dx\proj.win32\Debug.win32\CL.read.1.tlog
C:\slimenarium\cocos2dx\proj.win32\Debug.win32\CL.write.1.tlog
C:\SLIMENARIUM\COCOS2DX\PROJ.WIN32\DEBUG.WIN32\COCOS2D.OBJ
C:\SLIMENARIUM\COCOS2DX\PROJ.WIN32\DEBUG.WIN32\IOAPI.OBJ
C:\SLIMENARIUM\COCOS2DX\PROJ.WIN32\DEBUG.WIN32\LIBCOCOS2D.DLL.INTERMEDIATE.MANIFEST
C:\slimenarium\cocos2dx\proj.win32\Debug.win32\libcocos2d.write.1.tlog
C:\slimenarium\cocos2dx\proj.win32\Debug.win32\link.command.1.tlog
C:\slimenarium\cocos2dx\proj.win32\Debug.win32\link.read.1.tlog
C:\slimenarium\cocos2dx\proj.win32\Debug.win32\link.write.1.tlog
C:\SLIMENARIUM\COCOS2DX\PROJ.WIN32\DEBUG.WIN32\MAT3.OBJ
C:\SLIMENARIUM\COCOS2DX\PROJ.WIN32\DEBUG.WIN32\MAT4.OBJ
C:\SLIMENARIUM\COCOS2DX\PROJ.WIN32\DEBUG.WIN32\MAT4STACK.OBJ
C:\SLIMENARIUM\COCOS2DX\PROJ.WIN32\DEBUG.WIN32\MATRIX.OBJ
C:\slimenarium\cocos2dx\proj.win32\Debug.win32\mt.command.1.tlog
C:\slimenarium\cocos2dx\proj.win32\Debug.win32\mt.read.1.tlog
C:\slimenarium\cocos2dx\proj.win32\Debug.win32\mt.write.1.tlog
C:\SLIMENARIUM\COCOS2DX\PROJ.WIN32\DEBUG.WIN32\NEON_MATRIX_IMPL.OBJ
C:\SLIMENARIUM\COCOS2DX\PROJ.WIN32\DEBUG.WIN32\PLANE.OBJ
C:\SLIMENARIUM\COCOS2DX\PROJ.WIN32\DEBUG.WIN32\PLATFORM.OBJ
C:\SLIMENARIUM\COCOS2DX\PROJ.WIN32\DEBUG.WIN32\QUATERNION.OBJ
C:\SLIMENARIUM\COCOS2DX\PROJ.WIN32\DEBUG.WIN32\RAY2.OBJ
C:\SLIMENARIUM\COCOS2DX\PROJ.WIN32\DEBUG.WIN32\TGALIB.OBJ
C:\SLIMENARIUM\COCOS2DX\PROJ.WIN32\DEBUG.WIN32\TRANSFORMUTILS.OBJ
C:\SLIMENARIUM\COCOS2DX\PROJ.WIN32\DEBUG.WIN32\UNZIP.OBJ
C:\SLIMENARIUM\COCOS2DX\PROJ.WIN32\DEBUG.WIN32\UTILITY.OBJ
C:\slimenarium\cocos2dx\proj.win32\Debug.win32\vc100.idb
C:\SLIMENARIUM\COCOS2DX\PROJ.WIN32\DEBUG.WIN32\VC100.PDB
C:\SLIMENARIUM\COCOS2DX\PROJ.WIN32\DEBUG.WIN32\VEC2.OBJ
C:\SLIMENARIUM\COCOS2DX\PROJ.WIN32\DEBUG.WIN32\VEC3.OBJ
C:\SLIMENARIUM\COCOS2DX\PROJ.WIN32\DEBUG.WIN32\VEC4.OBJ
C:\SLIMENARIUM\COCOS2DX\PROJ.WIN32\DEBUG.WIN32\ZIPUTILS.OBJ
C:\SLIMENARIUM\DEBUG.WIN32\LIBCOCOS2D.DLL
C:\slimenarium\Debug.win32\libcocos2d.exp
C:\slimenarium\Debug.win32\libcocos2d.lib
C:\SLIMENARIUM\DEBUG.WIN32\LIBCOCOS2D.PDB
